11/11/2017 14:11:42 032 INFO  - [KeyThreadScript.loadSkill:86] ============================================================= 
11/11/2017 14:11:42 035 INFO  - [KeyThreadScript.loadSkill:97] #1 
11/11/2017 14:11:42 035 INFO  - [KeyThreadScript.loadSkill:97] #KEY=1 
11/11/2017 14:11:42 035 INFO  - [KeyThreadScript.loadSkill:97] #SUB 
11/11/2017 14:11:42 035 INFO  - [KeyThreadScript.loadSkill:97] #CONTINUE 
11/11/2017 14:11:42 036 INFO  - [KeyThreadScript.loadSkill:97] #NOBREAK 
11/11/2017 14:11:42 036 INFO  - [KeyThreadScript.loadSkill:97] { 
11/11/2017 14:11:42 036 INFO  - [KeyThreadScript.loadSkill:97] KEY 1 100 
11/11/2017 14:11:42 039 INFO  - [KeyThreadScript.loadSkill:97] }60 
11/11/2017 14:11:42 039 INFO  - [KeyThreadScript.loadSkill:86] ============================================================= 
11/11/2017 14:11:42 040 INFO  - [KeyThreadScript.loadSkill:97] ﻿#花粉 
11/11/2017 14:11:42 040 INFO  - [KeyThreadScript.loadSkill:97] #KEY=3 
11/11/2017 14:11:42 040 INFO  - [KeyThreadScript.loadSkill:97] #SUB 
11/11/2017 14:11:42 040 INFO  - [KeyThreadScript.loadSkill:97] #CONTINUE 
11/11/2017 14:11:42 040 INFO  - [KeyThreadScript.loadSkill:97] { 
11/11/2017 14:11:42 040 INFO  - [KeyThreadScript.loadSkill:97] KEY 3 200 
11/11/2017 14:11:42 041 INFO  - [KeyThreadScript.loadSkill:97] }3 
11/11/2017 14:11:42 042 INFO  - [KeyThreadScript.loadSkill:86] ============================================================= 
11/11/2017 14:11:42 042 INFO  - [KeyThreadScript.loadSkill:97] ﻿#蒲公英 
11/11/2017 14:11:42 042 INFO  - [KeyThreadScript.loadSkill:97] #KEY=4 
11/11/2017 14:11:42 042 INFO  - [KeyThreadScript.loadSkill:97] #SUB 
11/11/2017 14:11:42 043 INFO  - [KeyThreadScript.loadSkill:97] KEY 4 
11/11/2017 14:11:42 043 INFO  - [KeyThreadScript.loadSkill:86] ============================================================= 
11/11/2017 14:11:42 043 INFO  - [KeyThreadScript.loadSkill:97] ﻿#大榔头 
11/11/2017 14:11:42 043 INFO  - [KeyThreadScript.loadSkill:97] #KEY=C 
11/11/2017 14:11:42 044 INFO  - [KeyThreadScript.loadSkill:97] #SUB 
11/11/2017 14:11:42 044 INFO  - [KeyThreadScript.loadSkill:97] KEY C 
11/11/2017 14:11:42 044 INFO  - [KeyThreadScript.loadSkill:86] ============================================================= 
11/11/2017 14:11:42 044 INFO  - [KeyThreadScript.loadSkill:97] #F 
11/11/2017 14:11:42 045 INFO  - [KeyThreadScript.loadSkill:97] #KEY=F 
11/11/2017 14:11:42 045 INFO  - [KeyThreadScript.loadSkill:97] #SUB 
11/11/2017 14:11:42 045 INFO  - [KeyThreadScript.loadSkill:97] KEY F 
11/11/2017 14:11:42 045 INFO  - [KeyThreadScript.loadSkill:86] ============================================================= 
11/11/2017 14:11:42 045 INFO  - [KeyThreadScript.loadSkill:97] ﻿#大马蜂 
11/11/2017 14:11:42 046 INFO  - [KeyThreadScript.loadSkill:97] #KEY=F1 
11/11/2017 14:11:42 046 INFO  - [KeyThreadScript.loadSkill:97] #CONTINUE 
11/11/2017 14:11:42 046 INFO  - [KeyThreadScript.loadSkill:97] KEY G 4000 REAL 
11/11/2017 14:11:42 047 INFO  - [KeyThreadScript.loadSkill:86] ============================================================= 
11/11/2017 14:11:42 047 INFO  - [KeyThreadScript.loadSkill:97] ﻿#双击倒 
11/11/2017 14:11:42 047 INFO  - [KeyThreadScript.loadSkill:97] #KEY=F2 
11/11/2017 14:11:42 047 INFO  - [KeyThreadScript.loadSkill:97] KEY V 800 
11/11/2017 14:11:42 047 INFO  - [KeyThreadScript.loadSkill:97] KEY V 
11/11/2017 14:11:42 048 INFO  - [KeyThreadScript.loadSkill:86] ============================================================= 
11/11/2017 14:11:42 048 INFO  - [KeyThreadScript.loadSkill:97] ﻿#群体蒲公英 
11/11/2017 14:11:42 048 INFO  - [KeyThreadScript.loadSkill:97] #KEY=DELETE 
11/11/2017 14:11:42 048 INFO  - [KeyThreadScript.loadSkill:97] KEY_SLEEP[50] 4 
11/11/2017 14:11:42 048 INFO  - [KeyThreadScript.loadSkill:97] KEY_SLEEP[50] 4 
11/11/2017 14:11:42 049 INFO  - [KeyThreadScript.loadSkill:97] KEY_SLEEP[150] 4 
11/11/2017 14:11:42 049 INFO  - [KeyThreadScript.loadSkill:97] KEY_SLEEP[150] 4 
11/11/2017 14:11:42 049 INFO  - [KeyThreadScript.loadSkill:97] KEY_SLEEP[300] 4 
11/11/2017 14:11:42 050 INFO  - [KeyThreadScript.loadSkill:86] ============================================================= 
11/11/2017 14:11:42 050 INFO  - [KeyThreadScript.loadSkill:97] ﻿#Q猫 
11/11/2017 14:11:42 050 INFO  - [KeyThreadScript.loadSkill:97] #KEY=PAGE_UP 
11/11/2017 14:11:42 050 INFO  - [KeyThreadScript.loadSkill:97] #SUB 
11/11/2017 14:11:42 050 INFO  - [KeyThreadScript.loadSkill:97] #CONTINUE 
11/11/2017 14:11:42 051 INFO  - [KeyThreadScript.loadSkill:97] KEY_SLEEP[50] Q 
11/11/2017 14:11:42 051 INFO  - [KeyThreadScript.loadSkill:97] KEY_SLEEP[50] Q 
11/11/2017 14:11:42 051 INFO  - [KeyThreadScript.loadSkill:97] KEY_SLEEP[150] Q 
11/11/2017 14:11:42 051 INFO  - [KeyThreadScript.loadSkill:97] KEY_SLEEP[150] Q 
11/11/2017 14:11:42 052 INFO  - [KeyThreadScript.loadSkill:86] ============================================================= 
11/11/2017 14:11:42 052 INFO  - [KeyThreadScript.loadSkill:97] ﻿#Q猫 
11/11/2017 14:11:42 052 INFO  - [KeyThreadScript.loadSkill:97] #KEY=R 
11/11/2017 14:11:42 052 INFO  - [KeyThreadScript.loadSkill:97] KEY_SLEEP[50] Q 
11/11/2017 14:11:42 052 INFO  - [KeyThreadScript.loadSkill:97] KEY_SLEEP[50] Q 
11/11/2017 14:11:42 053 INFO  - [KeyThreadScript.loadSkill:97] KEY_SLEEP[150] Q 
11/11/2017 14:11:42 053 INFO  - [KeyThreadScript.loadSkill:97] KEY_SLEEP[150] Q 
11/11/2017 14:11:42 053 INFO  - [KeyThreadScript.loadSkill:97] KEY_SLEEP[150] Q 
11/11/2017 14:11:42 053 INFO  - [KeyThreadScript.loadSkill:86] ============================================================= 
11/11/2017 14:11:42 054 INFO  - [KeyThreadScript.loadSkill:97] #TAB 
11/11/2017 14:11:42 054 INFO  - [KeyThreadScript.loadSkill:97] #KEY=TAB 
11/11/2017 14:11:42 054 INFO  - [KeyThreadScript.loadSkill:97] #SUB 
11/11/2017 14:11:42 054 INFO  - [KeyThreadScript.loadSkill:97] #CONTINUE 
11/11/2017 14:11:42 054 INFO  - [KeyThreadScript.loadSkill:97] { 
11/11/2017 14:11:42 054 INFO  - [KeyThreadScript.loadSkill:97] KEY TAB 150 
11/11/2017 14:11:42 055 INFO  - [KeyThreadScript.loadSkill:97] }5 
11/11/2017 14:11:42 055 INFO  - [KeyThreadScript.loadSkill:86] ============================================================= 
11/11/2017 14:11:42 055 INFO  - [KeyThreadScript.loadSkill:97] ﻿#下段斩 
11/11/2017 14:11:42 056 INFO  - [KeyThreadScript.loadSkill:97] #KEY=V 
11/11/2017 14:11:42 056 INFO  - [KeyThreadScript.loadSkill:97] #SUB 
11/11/2017 14:11:42 056 INFO  - [KeyThreadScript.loadSkill:97] KEY V 
11/11/2017 14:11:42 056 INFO  - [KeyThreadScript.loadSkill:86] ============================================================= 
11/11/2017 14:11:42 057 INFO  - [KeyThreadScript.loadSkill:97] ﻿#友情 
11/11/2017 14:11:42 057 INFO  - [KeyThreadScript.loadSkill:97] #KEY=X 
11/11/2017 14:11:42 057 INFO  - [KeyThreadScript.loadSkill:97] #CONTINUE 
11/11/2017 14:11:42 057 INFO  - [KeyThreadScript.loadSkill:97] #SUB 
11/11/2017 14:11:42 057 INFO  - [KeyThreadScript.loadSkill:97] KEY_SLEEP[50] X 
11/11/2017 14:11:42 057 INFO  - [KeyThreadScript.loadSkill:97] KEY_SLEEP[50] X 
11/11/2017 14:11:42 058 INFO  - [KeyThreadScript.loadSkill:97] KEY_SLEEP[150] X 
11/11/2017 14:11:42 058 INFO  - [KeyThreadScript.loadSkill:97] KEY_SLEEP[150] X 
11/11/2017 14:11:42 058 INFO  - [KeyThreadScript.loadSkill:86] ============================================================= 
11/11/2017 14:11:42 058 INFO  - [KeyThreadScript.loadSkill:97] #鼓励 
11/11/2017 14:11:42 058 INFO  - [KeyThreadScript.loadSkill:97] #KEY=Z 
11/11/2017 14:11:42 059 INFO  - [KeyThreadScript.loadSkill:97] #SUB 
11/11/2017 14:11:42 059 INFO  - [KeyThreadScript.loadSkill:97] #CONTINUE 
11/11/2017 14:11:42 059 INFO  - [KeyThreadScript.loadSkill:97] KEY_SLEEP[50] Z 
11/11/2017 14:11:42 059 INFO  - [KeyThreadScript.loadSkill:97] KEY_SLEEP[50] Z 
11/11/2017 14:11:42 059 INFO  - [KeyThreadScript.loadSkill:97] KEY_SLEEP[150] Z 
11/11/2017 14:11:42 059 INFO  - [KeyThreadScript.loadSkill:97] KEY_SLEEP[150] Z 
11/11/2017 14:11:42 060 INFO  - [KeyThreadScript.loadSkill:86] ============================================================= 
11/11/2017 14:11:42 060 INFO  - [KeyThreadScript.loadSkill:97] #KEY=CTRL+F12 
11/11/2017 14:11:42 060 INFO  - [KeyThreadScript.loadSkill:97] #LOOP 
11/11/2017 14:11:42 060 INFO  - [KeyThreadScript.loadSkill:97] #NOAGENT 
11/11/2017 14:11:42 060 INFO  - [KeyThreadScript.loadSkill:97] MOUSE_RIGHT 
11/11/2017 14:11:42 061 INFO  - [KeyThreadScript.loadSkill:97] PAUSE 500 
11/11/2017 14:11:42 061 INFO  - [KeyThreadScript.loadSkill:97] MOVE 840 259 
11/11/2017 14:11:42 061 INFO  - [KeyThreadScript.loadSkill:97] PAUSE 1000 
11/11/2017 14:11:42 061 INFO  - [KeyThreadScript.loadSkill:97] MOUSE_LEFT 
11/11/2017 14:11:42 061 INFO  - [KeyThreadScript.loadSkill:97] PAUSE 500 
11/11/2017 14:11:42 061 INFO  - [KeyThreadScript.loadSkill:97] MOVE 884 439 
11/11/2017 14:11:42 062 INFO  - [KeyThreadScript.loadSkill:97] PAUSE 1000 
11/11/2017 14:11:44 743 DEBUG - [MouseListener.nativeMousePressed:80] NATIVE_MOUSE_PRESSED,(386,1047),button=1,modifiers=Button1,clickCount=1 
11/11/2017 14:11:45 302 DEBUG - [MouseListener.nativeMousePressed:80] NATIVE_MOUSE_PRESSED,(692,712),button=1,modifiers=Button1,clickCount=2 
11/11/2017 14:11:45 998 DEBUG - [MouseListener.nativeMousePressed:80] NATIVE_MOUSE_PRESSED,(973,325),button=1,modifiers=Button1,clickCount=3 
11/11/2017 14:11:47 775 DEBUG - [MouseListener.nativeMousePressed:80] NATIVE_MOUSE_PRESSED,(1320,6),button=1,modifiers=Button1,clickCount=4 
11/11/2017 14:11:47 935 DEBUG - [MouseListener.nativeMousePressed:80] NATIVE_MOUSE_PRESSED,(1320,6),button=1,modifiers=Button1,clickCount=5 
11/11/2017 14:11:49 703 DEBUG - [MouseListener.nativeMousePressed:80] NATIVE_MOUSE_PRESSED,(1386,307),button=1,modifiers=Button1,clickCount=6 
11/11/2017 14:11:50 767 DEBUG - [MouseListener.nativeMousePressed:80] NATIVE_MOUSE_PRESSED,(1382,557),button=1,modifiers=Button1,clickCount=7 
11/11/2017 14:11:51 743 DEBUG - [MouseListener.nativeMousePressed:80] NATIVE_MOUSE_PRESSED,(1009,470),button=1,modifiers=Button1,clickCount=8 
11/11/2017 14:11:53 299 DEBUG - [KeyListener.nativeKeyPressed:30] NATIVE_KEY_PRESSED,keyCode=42,keyText=Shift,keyChar=未定义,modifiers=Shift,keyLocation=KEY_LOCATION_LEFT,rawCode=160 
11/11/2017 14:11:53 549 DEBUG - [KeyListener.nativeKeyPressed:30] NATIVE_KEY_PRESSED,keyCode=42,keyText=Shift,keyChar=未定义,modifiers=Shift,keyLocation=KEY_LOCATION_LEFT,rawCode=160 
11/11/2017 14:11:53 582 DEBUG - [KeyListener.nativeKeyPressed:30] NATIVE_KEY_PRESSED,keyCode=42,keyText=Shift,keyChar=未定义,modifiers=Shift,keyLocation=KEY_LOCATION_LEFT,rawCode=160 
11/11/2017 14:11:53 615 DEBUG - [KeyListener.nativeKeyPressed:30] NATIVE_KEY_PRESSED,keyCode=42,keyText=Shift,keyChar=未定义,modifiers=Shift,keyLocation=KEY_LOCATION_LEFT,rawCode=160 
11/11/2017 14:11:53 648 DEBUG - [KeyListener.nativeKeyPressed:30] NATIVE_KEY_PRESSED,keyCode=42,keyText=Shift,keyChar=未定义,modifiers=Shift,keyLocation=KEY_LOCATION_LEFT,rawCode=160 
11/11/2017 14:11:53 681 DEBUG - [KeyListener.nativeKeyPressed:30] NATIVE_KEY_PRESSED,keyCode=42,keyText=Shift,keyChar=未定义,modifiers=Shift,keyLocation=KEY_LOCATION_LEFT,rawCode=160 
11/11/2017 14:11:53 714 DEBUG - [KeyListener.nativeKeyPressed:30] NATIVE_KEY_PRESSED,keyCode=42,keyText=Shift,keyChar=未定义,modifiers=Shift,keyLocation=KEY_LOCATION_LEFT,rawCode=160 
11/11/2017 14:11:53 747 DEBUG - [KeyListener.nativeKeyPressed:30] NATIVE_KEY_PRESSED,keyCode=42,keyText=Shift,keyChar=未定义,modifiers=Shift,keyLocation=KEY_LOCATION_LEFT,rawCode=160 
11/11/2017 14:11:53 780 DEBUG - [KeyListener.nativeKeyPressed:30] NATIVE_KEY_PRESSED,keyCode=42,keyText=Shift,keyChar=未定义,modifiers=Shift,keyLocation=KEY_LOCATION_LEFT,rawCode=160 
11/11/2017 14:11:53 813 DEBUG - [KeyListener.nativeKeyPressed:30] NATIVE_KEY_PRESSED,keyCode=42,keyText=Shift,keyChar=未定义,modifiers=Shift,keyLocation=KEY_LOCATION_LEFT,rawCode=160 
11/11/2017 14:11:53 846 DEBUG - [KeyListener.nativeKeyPressed:30] NATIVE_KEY_PRESSED,keyCode=42,keyText=Shift,keyChar=未定义,modifiers=Shift,keyLocation=KEY_LOCATION_LEFT,rawCode=160 
11/11/2017 14:11:53 879 DEBUG - [KeyListener.nativeKeyPressed:30] NATIVE_KEY_PRESSED,keyCode=42,keyText=Shift,keyChar=未定义,modifiers=Shift,keyLocation=KEY_LOCATION_LEFT,rawCode=160 
11/11/2017 14:11:53 912 DEBUG - [KeyListener.nativeKeyPressed:30] NATIVE_KEY_PRESSED,keyCode=42,keyText=Shift,keyChar=未定义,modifiers=Shift,keyLocation=KEY_LOCATION_LEFT,rawCode=160 
11/11/2017 14:11:53 945 DEBUG - [KeyListener.nativeKeyPressed:30] NATIVE_KEY_PRESSED,keyCode=42,keyText=Shift,keyChar=未定义,modifiers=Shift,keyLocation=KEY_LOCATION_LEFT,rawCode=160 
11/11/2017 14:11:53 978 DEBUG - [KeyListener.nativeKeyPressed:30] NATIVE_KEY_PRESSED,keyCode=42,keyText=Shift,keyChar=未定义,modifiers=Shift,keyLocation=KEY_LOCATION_LEFT,rawCode=160 
11/11/2017 14:11:53 995 DEBUG - [KeyListener.nativeKeyPressed:30] NATIVE_KEY_PRESSED,keyCode=2,keyText=1,keyChar=未定义,modifiers=Shift,keyLocation=KEY_LOCATION_STANDARD,rawCode=49 
11/11/2017 14:12:03 506 DEBUG - [KeyListener.nativeKeyPressed:30] NATIVE_KEY_PRESSED,keyCode=42,keyText=Shift,keyChar=未定义,modifiers=Shift,keyLocation=KEY_LOCATION_LEFT,rawCode=160 
11/11/2017 14:12:03 627 DEBUG - [KeyListener.nativeKeyPressed:30] NATIVE_KEY_PRESSED,keyCode=2,keyText=1,keyChar=未定义,modifiers=Shift,keyLocation=KEY_LOCATION_STANDARD,rawCode=49 
11/11/2017 14:12:04 891 DEBUG - [KeyListener.nativeKeyPressed:30] NATIVE_KEY_PRESSED,keyCode=42,keyText=Shift,keyChar=未定义,modifiers=Shift,keyLocation=KEY_LOCATION_LEFT,rawCode=160 
11/11/2017 14:12:05 043 DEBUG - [KeyListener.nativeKeyPressed:30] NATIVE_KEY_PRESSED,keyCode=2,keyText=1,keyChar=未定义,modifiers=Shift,keyLocation=KEY_LOCATION_STANDARD,rawCode=49 
11/11/2017 14:12:32 675 DEBUG - [KeyListener.nativeKeyPressed:30] NATIVE_KEY_PRESSED,keyCode=2,keyText=1,keyChar=未定义,keyLocation=KEY_LOCATION_STANDARD,rawCode=49 
11/11/2017 14:12:35 571 DEBUG - [KeyListener.nativeKeyPressed:30] NATIVE_KEY_PRESSED,keyCode=42,keyText=Shift,keyChar=未定义,modifiers=Shift,keyLocation=KEY_LOCATION_LEFT,rawCode=160 
11/11/2017 14:12:35 762 DEBUG - [KeyListener.nativeKeyPressed:30] NATIVE_KEY_PRESSED,keyCode=2,keyText=1,keyChar=未定义,modifiers=Shift,keyLocation=KEY_LOCATION_STANDARD,rawCode=49 
11/11/2017 14:12:36 874 DEBUG - [KeyListener.nativeKeyPressed:30] NATIVE_KEY_PRESSED,keyCode=42,keyText=Shift,keyChar=未定义,modifiers=Shift,keyLocation=KEY_LOCATION_LEFT,rawCode=160 
11/11/2017 14:12:37 124 DEBUG - [KeyListener.nativeKeyPressed:30] NATIVE_KEY_PRESSED,keyCode=42,keyText=Shift,keyChar=未定义,modifiers=Shift,keyLocation=KEY_LOCATION_LEFT,rawCode=160 
11/11/2017 14:12:37 157 DEBUG - [KeyListener.nativeKeyPressed:30] NATIVE_KEY_PRESSED,keyCode=42,keyText=Shift,keyChar=未定义,modifiers=Shift,keyLocation=KEY_LOCATION_LEFT,rawCode=160 
11/11/2017 14:12:37 190 DEBUG - [KeyListener.nativeKeyPressed:30] NATIVE_KEY_PRESSED,keyCode=42,keyText=Shift,keyChar=未定义,modifiers=Shift,keyLocation=KEY_LOCATION_LEFT,rawCode=160 
11/11/2017 14:12:37 223 DEBUG - [KeyListener.nativeKeyPressed:30] NATIVE_KEY_PRESSED,keyCode=42,keyText=Shift,keyChar=未定义,modifiers=Shift,keyLocation=KEY_LOCATION_LEFT,rawCode=160 
11/11/2017 14:12:37 256 DEBUG - [KeyListener.nativeKeyPressed:30] NATIVE_KEY_PRESSED,keyCode=42,keyText=Shift,keyChar=未定义,modifiers=Shift,keyLocation=KEY_LOCATION_LEFT,rawCode=160 
11/11/2017 14:12:37 289 DEBUG - [KeyListener.nativeKeyPressed:30] NATIVE_KEY_PRESSED,keyCode=42,keyText=Shift,keyChar=未定义,modifiers=Shift,keyLocation=KEY_LOCATION_LEFT,rawCode=160 
11/11/2017 14:12:37 322 DEBUG - [KeyListener.nativeKeyPressed:30] NATIVE_KEY_PRESSED,keyCode=42,keyText=Shift,keyChar=未定义,modifiers=Shift,keyLocation=KEY_LOCATION_LEFT,rawCode=160 
11/11/2017 14:12:37 355 DEBUG - [KeyListener.nativeKeyPressed:30] NATIVE_KEY_PRESSED,keyCode=42,keyText=Shift,keyChar=未定义,modifiers=Shift,keyLocation=KEY_LOCATION_LEFT,rawCode=160 
11/11/2017 14:12:37 388 DEBUG - [KeyListener.nativeKeyPressed:30] NATIVE_KEY_PRESSED,keyCode=42,keyText=Shift,keyChar=未定义,modifiers=Shift,keyLocation=KEY_LOCATION_LEFT,rawCode=160 
11/11/2017 14:12:37 421 DEBUG - [KeyListener.nativeKeyPressed:30] NATIVE_KEY_PRESSED,keyCode=42,keyText=Shift,keyChar=未定义,modifiers=Shift,keyLocation=KEY_LOCATION_LEFT,rawCode=160 
11/11/2017 14:12:37 454 DEBUG - [KeyListener.nativeKeyPressed:30] NATIVE_KEY_PRESSED,keyCode=42,keyText=Shift,keyChar=未定义,modifiers=Shift,keyLocation=KEY_LOCATION_LEFT,rawCode=160 
11/11/2017 14:12:37 487 DEBUG - [KeyListener.nativeKeyPressed:30] NATIVE_KEY_PRESSED,keyCode=42,keyText=Shift,keyChar=未定义,modifiers=Shift,keyLocation=KEY_LOCATION_LEFT,rawCode=160 
11/11/2017 14:12:37 520 DEBUG - [KeyListener.nativeKeyPressed:30] NATIVE_KEY_PRESSED,keyCode=42,keyText=Shift,keyChar=未定义,modifiers=Shift,keyLocation=KEY_LOCATION_LEFT,rawCode=160 
11/11/2017 14:12:37 553 DEBUG - [KeyListener.nativeKeyPressed:30] NATIVE_KEY_PRESSED,keyCode=42,keyText=Shift,keyChar=未定义,modifiers=Shift,keyLocation=KEY_LOCATION_LEFT,rawCode=160 
11/11/2017 14:12:37 586 DEBUG - [KeyListener.nativeKeyPressed:30] NATIVE_KEY_PRESSED,keyCode=42,keyText=Shift,keyChar=未定义,modifiers=Shift,keyLocation=KEY_LOCATION_LEFT,rawCode=160 
11/11/2017 14:12:37 619 DEBUG - [KeyListener.nativeKeyPressed:30] NATIVE_KEY_PRESSED,keyCode=42,keyText=Shift,keyChar=未定义,modifiers=Shift,keyLocation=KEY_LOCATION_LEFT,rawCode=160 
11/11/2017 14:12:37 652 DEBUG - [KeyListener.nativeKeyPressed:30] NATIVE_KEY_PRESSED,keyCode=42,keyText=Shift,keyChar=未定义,modifiers=Shift,keyLocation=KEY_LOCATION_LEFT,rawCode=160 
11/11/2017 14:12:37 685 DEBUG - [KeyListener.nativeKeyPressed:30] NATIVE_KEY_PRESSED,keyCode=42,keyText=Shift,keyChar=未定义,modifiers=Shift,keyLocation=KEY_LOCATION_LEFT,rawCode=160 
11/11/2017 14:12:37 718 DEBUG - [KeyListener.nativeKeyPressed:30] NATIVE_KEY_PRESSED,keyCode=42,keyText=Shift,keyChar=未定义,modifiers=Shift,keyLocation=KEY_LOCATION_LEFT,rawCode=160 
11/11/2017 14:12:37 751 DEBUG - [KeyListener.nativeKeyPressed:30] NATIVE_KEY_PRESSED,keyCode=42,keyText=Shift,keyChar=未定义,modifiers=Shift,keyLocation=KEY_LOCATION_LEFT,rawCode=160 
11/11/2017 14:12:37 784 DEBUG - [KeyListener.nativeKeyPressed:30] NATIVE_KEY_PRESSED,keyCode=42,keyText=Shift,keyChar=未定义,modifiers=Shift,keyLocation=KEY_LOCATION_LEFT,rawCode=160 
11/11/2017 14:12:37 817 DEBUG - [KeyListener.nativeKeyPressed:30] NATIVE_KEY_PRESSED,keyCode=42,keyText=Shift,keyChar=未定义,modifiers=Shift,keyLocation=KEY_LOCATION_LEFT,rawCode=160 
11/11/2017 14:12:37 850 DEBUG - [KeyListener.nativeKeyPressed:30] NATIVE_KEY_PRESSED,keyCode=42,keyText=Shift,keyChar=未定义,modifiers=Shift,keyLocation=KEY_LOCATION_LEFT,rawCode=160 
11/11/2017 14:12:37 883 DEBUG - [KeyListener.nativeKeyPressed:30] NATIVE_KEY_PRESSED,keyCode=42,keyText=Shift,keyChar=未定义,modifiers=Shift,keyLocation=KEY_LOCATION_LEFT,rawCode=160 
11/11/2017 14:12:37 916 DEBUG - [KeyListener.nativeKeyPressed:30] NATIVE_KEY_PRESSED,keyCode=42,keyText=Shift,keyChar=未定义,modifiers=Shift,keyLocation=KEY_LOCATION_LEFT,rawCode=160 
11/11/2017 14:12:37 949 DEBUG - [KeyListener.nativeKeyPressed:30] NATIVE_KEY_PRESSED,keyCode=42,keyText=Shift,keyChar=未定义,modifiers=Shift,keyLocation=KEY_LOCATION_LEFT,rawCode=160 
11/11/2017 14:12:37 982 DEBUG - [KeyListener.nativeKeyPressed:30] NATIVE_KEY_PRESSED,keyCode=42,keyText=Shift,keyChar=未定义,modifiers=Shift,keyLocation=KEY_LOCATION_LEFT,rawCode=160 
11/11/2017 14:12:38 015 DEBUG - [KeyListener.nativeKeyPressed:30] NATIVE_KEY_PRESSED,keyCode=42,keyText=Shift,keyChar=未定义,modifiers=Shift,keyLocation=KEY_LOCATION_LEFT,rawCode=160 
11/11/2017 14:12:38 048 DEBUG - [KeyListener.nativeKeyPressed:30] NATIVE_KEY_PRESSED,keyCode=42,keyText=Shift,keyChar=未定义,modifiers=Shift,keyLocation=KEY_LOCATION_LEFT,rawCode=160 
11/11/2017 14:12:38 081 DEBUG - [KeyListener.nativeKeyPressed:30] NATIVE_KEY_PRESSED,keyCode=42,keyText=Shift,keyChar=未定义,modifiers=Shift,keyLocation=KEY_LOCATION_LEFT,rawCode=160 
11/11/2017 14:12:38 114 DEBUG - [KeyListener.nativeKeyPressed:30] NATIVE_KEY_PRESSED,keyCode=42,keyText=Shift,keyChar=未定义,modifiers=Shift,keyLocation=KEY_LOCATION_LEFT,rawCode=160 
11/11/2017 14:12:38 138 DEBUG - [KeyListener.nativeKeyPressed:30] NATIVE_KEY_PRESSED,keyCode=2,keyText=1,keyChar=未定义,modifiers=Shift,keyLocation=KEY_LOCATION_STANDARD,rawCode=49 
11/11/2017 14:12:41 231 DEBUG - [MouseListener.nativeMousePressed:80] NATIVE_MOUSE_PRESSED,(1637,997),button=1,modifiers=Button1,clickCount=9 
11/11/2017 14:12:47 375 DEBUG - [MouseListener.nativeMousePressed:80] NATIVE_MOUSE_PRESSED,(410,1063),button=1,modifiers=Button1,clickCount=10 
11/11/2017 14:12:48 095 DEBUG - [MouseListener.nativeMousePressed:80] NATIVE_MOUSE_PRESSED,(929,478),button=1,modifiers=Button1,clickCount=11 
11/11/2017 14:12:49 282 DEBUG - [KeyListener.nativeKeyPressed:30] NATIVE_KEY_PRESSED,keyCode=2,keyText=1,keyChar=未定义,keyLocation=KEY_LOCATION_STANDARD,rawCode=49 
11/11/2017 14:12:53 211 DEBUG - [KeyListener.nativeKeyPressed:30] NATIVE_KEY_PRESSED,keyCode=42,keyText=Shift,keyChar=未定义,modifiers=Shift,keyLocation=KEY_LOCATION_LEFT,rawCode=160 
11/11/2017 14:12:57 119 DEBUG - [MouseListener.nativeMousePressed:80] NATIVE_MOUSE_PRESSED,(1630,56),button=1,modifiers=Button1,clickCount=12 
11/11/2017 14:12:58 399 DEBUG - [MouseListener.nativeMousePressed:80] NATIVE_MOUSE_PRESSED,(1561,773),button=1,modifiers=Button1,clickCount=13 
11/11/2017 14:15:01 863 INFO  - [KeyThreadScript.loadSkill:86] ============================================================= 
11/11/2017 14:15:01 865 INFO  - [KeyThreadScript.loadSkill:97] #1 
11/11/2017 14:15:01 865 INFO  - [KeyThreadScript.loadSkill:97] #KEY=1 
11/11/2017 14:15:01 865 INFO  - [KeyThreadScript.loadSkill:97] #SUB 
11/11/2017 14:15:01 865 INFO  - [KeyThreadScript.loadSkill:97] #CONTINUE 
11/11/2017 14:15:01 865 INFO  - [KeyThreadScript.loadSkill:97] #NOBREAK 
11/11/2017 14:15:01 866 INFO  - [KeyThreadScript.loadSkill:97] { 
11/11/2017 14:15:01 866 INFO  - [KeyThreadScript.loadSkill:97] KEY 1 100 
11/11/2017 14:15:01 868 INFO  - [KeyThreadScript.loadSkill:97] }60 
11/11/2017 14:15:01 869 INFO  - [KeyThreadScript.loadSkill:86] ============================================================= 
11/11/2017 14:15:01 869 INFO  - [KeyThreadScript.loadSkill:97] ﻿#花粉 
11/11/2017 14:15:01 869 INFO  - [KeyThreadScript.loadSkill:97] #KEY=3 
11/11/2017 14:15:01 869 INFO  - [KeyThreadScript.loadSkill:97] #SUB 
11/11/2017 14:15:01 870 INFO  - [KeyThreadScript.loadSkill:97] #CONTINUE 
11/11/2017 14:15:01 870 INFO  - [KeyThreadScript.loadSkill:97] { 
11/11/2017 14:15:01 870 INFO  - [KeyThreadScript.loadSkill:97] KEY 3 200 
11/11/2017 14:15:01 871 INFO  - [KeyThreadScript.loadSkill:97] }3 
11/11/2017 14:15:01 871 INFO  - [KeyThreadScript.loadSkill:86] ============================================================= 
11/11/2017 14:15:01 871 INFO  - [KeyThreadScript.loadSkill:97] ﻿#蒲公英 
11/11/2017 14:15:01 872 INFO  - [KeyThreadScript.loadSkill:97] #KEY=4 
11/11/2017 14:15:01 872 INFO  - [KeyThreadScript.loadSkill:97] #SUB 
11/11/2017 14:15:01 872 INFO  - [KeyThreadScript.loadSkill:97] KEY 4 
11/11/2017 14:15:01 872 INFO  - [KeyThreadScript.loadSkill:86] ============================================================= 
11/11/2017 14:15:01 873 INFO  - [KeyThreadScript.loadSkill:97] ﻿#大榔头 
11/11/2017 14:15:01 873 INFO  - [KeyThreadScript.loadSkill:97] #KEY=C 
11/11/2017 14:15:01 873 INFO  - [KeyThreadScript.loadSkill:97] #SUB 
11/11/2017 14:15:01 873 INFO  - [KeyThreadScript.loadSkill:97] KEY C 
11/11/2017 14:15:01 873 INFO  - [KeyThreadScript.loadSkill:86] ============================================================= 
11/11/2017 14:15:01 874 INFO  - [KeyThreadScript.loadSkill:97] #F 
11/11/2017 14:15:01 874 INFO  - [KeyThreadScript.loadSkill:97] #KEY=F 
11/11/2017 14:15:01 874 INFO  - [KeyThreadScript.loadSkill:97] #SUB 
11/11/2017 14:15:01 874 INFO  - [KeyThreadScript.loadSkill:97] KEY F 
11/11/2017 14:15:01 875 INFO  - [KeyThreadScript.loadSkill:86] ============================================================= 
11/11/2017 14:15:01 875 INFO  - [KeyThreadScript.loadSkill:97] ﻿#大马蜂 
11/11/2017 14:15:01 875 INFO  - [KeyThreadScript.loadSkill:97] #KEY=F1 
11/11/2017 14:15:01 875 INFO  - [KeyThreadScript.loadSkill:97] #CONTINUE 
11/11/2017 14:15:01 875 INFO  - [KeyThreadScript.loadSkill:97] KEY G 4000 REAL 
11/11/2017 14:15:01 876 INFO  - [KeyThreadScript.loadSkill:86] ============================================================= 
11/11/2017 14:15:01 876 INFO  - [KeyThreadScript.loadSkill:97] ﻿#双击倒 
11/11/2017 14:15:01 876 INFO  - [KeyThreadScript.loadSkill:97] #KEY=F2 
11/11/2017 14:15:01 876 INFO  - [KeyThreadScript.loadSkill:97] KEY V 800 
11/11/2017 14:15:01 876 INFO  - [KeyThreadScript.loadSkill:97] KEY V 
11/11/2017 14:15:01 877 INFO  - [KeyThreadScript.loadSkill:86] ============================================================= 
11/11/2017 14:15:01 877 INFO  - [KeyThreadScript.loadSkill:97] ﻿#群体蒲公英 
11/11/2017 14:15:01 877 INFO  - [KeyThreadScript.loadSkill:97] #KEY=DELETE 
11/11/2017 14:15:01 877 INFO  - [KeyThreadScript.loadSkill:97] KEY_SLEEP[50] 4 
11/11/2017 14:15:01 878 INFO  - [KeyThreadScript.loadSkill:97] KEY_SLEEP[50] 4 
11/11/2017 14:15:01 878 INFO  - [KeyThreadScript.loadSkill:97] KEY_SLEEP[150] 4 
11/11/2017 14:15:01 878 INFO  - [KeyThreadScript.loadSkill:97] KEY_SLEEP[150] 4 
11/11/2017 14:15:01 878 INFO  - [KeyThreadScript.loadSkill:97] KEY_SLEEP[300] 4 
11/11/2017 14:15:01 879 INFO  - [KeyThreadScript.loadSkill:86] ============================================================= 
11/11/2017 14:15:01 879 INFO  - [KeyThreadScript.loadSkill:97] ﻿#Q猫 
11/11/2017 14:15:01 879 INFO  - [KeyThreadScript.loadSkill:97] #KEY=PAGE_UP 
11/11/2017 14:15:01 879 INFO  - [KeyThreadScript.loadSkill:97] #SUB 
11/11/2017 14:15:01 879 INFO  - [KeyThreadScript.loadSkill:97] #CONTINUE 
11/11/2017 14:15:01 880 INFO  - [KeyThreadScript.loadSkill:97] KEY_SLEEP[50] Q 
11/11/2017 14:15:01 880 INFO  - [KeyThreadScript.loadSkill:97] KEY_SLEEP[50] Q 
11/11/2017 14:15:01 880 INFO  - [KeyThreadScript.loadSkill:97] KEY_SLEEP[150] Q 
11/11/2017 14:15:01 880 INFO  - [KeyThreadScript.loadSkill:97] KEY_SLEEP[150] Q 
11/11/2017 14:15:01 880 INFO  - [KeyThreadScript.loadSkill:86] ============================================================= 
11/11/2017 14:15:01 881 INFO  - [KeyThreadScript.loadSkill:97] ﻿#Q猫 
11/11/2017 14:15:01 881 INFO  - [KeyThreadScript.loadSkill:97] #KEY=R 
11/11/2017 14:15:01 881 INFO  - [KeyThreadScript.loadSkill:97] KEY_SLEEP[50] Q 
11/11/2017 14:15:01 881 INFO  - [KeyThreadScript.loadSkill:97] KEY_SLEEP[50] Q 
11/11/2017 14:15:01 882 INFO  - [KeyThreadScript.loadSkill:97] KEY_SLEEP[150] Q 
11/11/2017 14:15:01 882 INFO  - [KeyThreadScript.loadSkill:97] KEY_SLEEP[150] Q 
11/11/2017 14:15:01 882 INFO  - [KeyThreadScript.loadSkill:97] KEY_SLEEP[150] Q 
11/11/2017 14:15:01 882 INFO  - [KeyThreadScript.loadSkill:86] ============================================================= 
11/11/2017 14:15:01 883 INFO  - [KeyThreadScript.loadSkill:97] #TAB 
11/11/2017 14:15:01 883 INFO  - [KeyThreadScript.loadSkill:97] #KEY=TAB 
11/11/2017 14:15:01 883 INFO  - [KeyThreadScript.loadSkill:97] #SUB 
11/11/2017 14:15:01 883 INFO  - [KeyThreadScript.loadSkill:97] #CONTINUE 
11/11/2017 14:15:01 883 INFO  - [KeyThreadScript.loadSkill:97] { 
11/11/2017 14:15:01 884 INFO  - [KeyThreadScript.loadSkill:97] KEY TAB 150 
11/11/2017 14:15:01 884 INFO  - [KeyThreadScript.loadSkill:97] }5 
11/11/2017 14:15:01 884 INFO  - [KeyThreadScript.loadSkill:86] ============================================================= 
11/11/2017 14:15:01 884 INFO  - [KeyThreadScript.loadSkill:97] ﻿#下段斩 
11/11/2017 14:15:01 885 INFO  - [KeyThreadScript.loadSkill:97] #KEY=V 
11/11/2017 14:15:01 885 INFO  - [KeyThreadScript.loadSkill:97] #SUB 
11/11/2017 14:15:01 885 INFO  - [KeyThreadScript.loadSkill:97] KEY V 
11/11/2017 14:15:01 885 INFO  - [KeyThreadScript.loadSkill:86] ============================================================= 
11/11/2017 14:15:01 886 INFO  - [KeyThreadScript.loadSkill:97] ﻿#友情 
11/11/2017 14:15:01 886 INFO  - [KeyThreadScript.loadSkill:97] #KEY=X 
11/11/2017 14:15:01 886 INFO  - [KeyThreadScript.loadSkill:97] #CONTINUE 
11/11/2017 14:15:01 886 INFO  - [KeyThreadScript.loadSkill:97] #SUB 
11/11/2017 14:15:01 886 INFO  - [KeyThreadScript.loadSkill:97] KEY_SLEEP[50] X 
11/11/2017 14:15:01 887 INFO  - [KeyThreadScript.loadSkill:97] KEY_SLEEP[50] X 
11/11/2017 14:15:01 887 INFO  - [KeyThreadScript.loadSkill:97] KEY_SLEEP[150] X 
11/11/2017 14:15:01 887 INFO  - [KeyThreadScript.loadSkill:97] KEY_SLEEP[150] X 
11/11/2017 14:15:01 887 INFO  - [KeyThreadScript.loadSkill:86] ============================================================= 
11/11/2017 14:15:01 887 INFO  - [KeyThreadScript.loadSkill:97] #鼓励 
11/11/2017 14:15:01 888 INFO  - [KeyThreadScript.loadSkill:97] #KEY=Z 
11/11/2017 14:15:01 888 INFO  - [KeyThreadScript.loadSkill:97] #SUB 
11/11/2017 14:15:01 888 INFO  - [KeyThreadScript.loadSkill:97] #CONTINUE 
11/11/2017 14:15:01 888 INFO  - [KeyThreadScript.loadSkill:97] KEY_SLEEP[50] Z 
11/11/2017 14:15:01 888 INFO  - [KeyThreadScript.loadSkill:97] KEY_SLEEP[50] Z 
11/11/2017 14:15:01 888 INFO  - [KeyThreadScript.loadSkill:97] KEY_SLEEP[150] Z 
11/11/2017 14:15:01 889 INFO  - [KeyThreadScript.loadSkill:97] KEY_SLEEP[150] Z 
11/11/2017 14:15:01 889 INFO  - [KeyThreadScript.loadSkill:86] ============================================================= 
11/11/2017 14:15:01 889 INFO  - [KeyThreadScript.loadSkill:97] #KEY=CTRL+F12 
11/11/2017 14:15:01 889 INFO  - [KeyThreadScript.loadSkill:97] #LOOP 
11/11/2017 14:15:01 889 INFO  - [KeyThreadScript.loadSkill:97] #NOAGENT 
11/11/2017 14:15:01 890 INFO  - [KeyThreadScript.loadSkill:97] MOUSE_RIGHT 
11/11/2017 14:15:01 890 INFO  - [KeyThreadScript.loadSkill:97] PAUSE 500 
11/11/2017 14:15:01 890 INFO  - [KeyThreadScript.loadSkill:97] MOVE 840 259 
11/11/2017 14:15:01 890 INFO  - [KeyThreadScript.loadSkill:97] PAUSE 1000 
11/11/2017 14:15:01 890 INFO  - [KeyThreadScript.loadSkill:97] MOUSE_LEFT 
11/11/2017 14:15:01 890 INFO  - [KeyThreadScript.loadSkill:97] PAUSE 500 
11/11/2017 14:15:01 891 INFO  - [KeyThreadScript.loadSkill:97] MOVE 884 439 
11/11/2017 14:15:01 891 INFO  - [KeyThreadScript.loadSkill:97] PAUSE 1000 
11/11/2017 14:15:03 495 DEBUG - [MouseListener.nativeMousePressed:80] NATIVE_MOUSE_PRESSED,(1146,897),button=1,modifiers=Button1,clickCount=1 
11/11/2017 14:15:05 442 DEBUG - [KeyListener.nativeKeyPressed:30] NATIVE_KEY_PRESSED,keyCode=42,keyText=Shift,keyChar=未定义,modifiers=Shift,keyLocation=KEY_LOCATION_LEFT,rawCode=160 
11/11/2017 14:15:05 442 DEBUG - [KeyListener.nativeKeyPressed:31] Modifiers=1  code=42 
11/11/2017 14:15:05 618 DEBUG - [KeyListener.nativeKeyPressed:30] NATIVE_KEY_PRESSED,keyCode=2,keyText=1,keyChar=未定义,modifiers=Shift,keyLocation=KEY_LOCATION_STANDARD,rawCode=49 
11/11/2017 14:15:05 618 DEBUG - [KeyListener.nativeKeyPressed:31] Modifiers=1  code=2 
11/11/2017 14:15:15 281 DEBUG - [KeyListener.nativeKeyPressed:30] NATIVE_KEY_PRESSED,keyCode=3638,keyText=未知 keyCode: 0xe36,keyChar=未定义,modifiers=Shift,keyLocation=KEY_LOCATION_RIGHT,rawCode=161 
11/11/2017 14:15:15 281 DEBUG - [KeyListener.nativeKeyPressed:31] Modifiers=16  code=3638 
11/11/2017 14:15:15 450 DEBUG - [KeyListener.nativeKeyPressed:30] NATIVE_KEY_PRESSED,keyCode=2,keyText=1,keyChar=未定义,modifiers=Shift,keyLocation=KEY_LOCATION_STANDARD,rawCode=49 
11/11/2017 14:15:15 450 DEBUG - [KeyListener.nativeKeyPressed:31] Modifiers=16  code=2 
11/11/2017 14:15:16 594 DEBUG - [KeyListener.nativeKeyPressed:30] NATIVE_KEY_PRESSED,keyCode=3638,keyText=未知 keyCode: 0xe36,keyChar=未定义,modifiers=Shift,keyLocation=KEY_LOCATION_RIGHT,rawCode=161 
11/11/2017 14:15:16 595 DEBUG - [KeyListener.nativeKeyPressed:31] Modifiers=16  code=3638 
11/11/2017 14:15:16 786 DEBUG - [KeyListener.nativeKeyPressed:30] NATIVE_KEY_PRESSED,keyCode=2,keyText=1,keyChar=未定义,modifiers=Shift,keyLocation=KEY_LOCATION_STANDARD,rawCode=49 
11/11/2017 14:15:16 787 DEBUG - [KeyListener.nativeKeyPressed:31] Modifiers=16  code=2 
11/11/2017 14:15:25 230 DEBUG - [MouseListener.nativeMousePressed:80] NATIVE_MOUSE_PRESSED,(1563,771),button=1,modifiers=Button1,clickCount=2 
11/11/2017 14:18:50 969 INFO  - [KeyThreadScript.loadSkill:86] ============================================================= 
11/11/2017 14:18:50 972 INFO  - [KeyThreadScript.loadSkill:97] #1 
11/11/2017 14:18:50 972 INFO  - [KeyThreadScript.loadSkill:97] #KEY=1 
11/11/2017 14:18:50 972 INFO  - [KeyThreadScript.loadSkill:97] #SUB 
11/11/2017 14:18:50 972 INFO  - [KeyThreadScript.loadSkill:97] #CONTINUE 
11/11/2017 14:18:50 972 INFO  - [KeyThreadScript.loadSkill:97] #NOBREAK 
11/11/2017 14:18:50 973 INFO  - [KeyThreadScript.loadSkill:97] { 
11/11/2017 14:18:50 973 INFO  - [KeyThreadScript.loadSkill:97] KEY 1 100 
11/11/2017 14:18:50 975 INFO  - [KeyThreadScript.loadSkill:97] }60 
11/11/2017 14:18:50 976 INFO  - [KeyThreadScript.loadSkill:86] ============================================================= 
11/11/2017 14:18:50 976 INFO  - [KeyThreadScript.loadSkill:97] ﻿#花粉 
11/11/2017 14:18:50 976 INFO  - [KeyThreadScript.loadSkill:97] #KEY=3 
11/11/2017 14:18:50 976 INFO  - [KeyThreadScript.loadSkill:97] #SUB 
11/11/2017 14:18:50 976 INFO  - [KeyThreadScript.loadSkill:97] #CONTINUE 
11/11/2017 14:18:50 977 INFO  - [KeyThreadScript.loadSkill:97] { 
11/11/2017 14:18:50 977 INFO  - [KeyThreadScript.loadSkill:97] KEY 3 200 
11/11/2017 14:18:50 978 INFO  - [KeyThreadScript.loadSkill:97] }3 
11/11/2017 14:18:50 978 INFO  - [KeyThreadScript.loadSkill:86] ============================================================= 
11/11/2017 14:18:50 978 INFO  - [KeyThreadScript.loadSkill:97] ﻿#蒲公英 
11/11/2017 14:18:50 978 INFO  - [KeyThreadScript.loadSkill:97] #KEY=4 
11/11/2017 14:18:50 979 INFO  - [KeyThreadScript.loadSkill:97] #SUB 
11/11/2017 14:18:50 979 INFO  - [KeyThreadScript.loadSkill:97] KEY 4 
11/11/2017 14:18:50 979 INFO  - [KeyThreadScript.loadSkill:86] ============================================================= 
11/11/2017 14:18:50 979 INFO  - [KeyThreadScript.loadSkill:97] ﻿#大榔头 
11/11/2017 14:18:50 980 INFO  - [KeyThreadScript.loadSkill:97] #KEY=C 
11/11/2017 14:18:50 980 INFO  - [KeyThreadScript.loadSkill:97] #SUB 
11/11/2017 14:18:50 980 INFO  - [KeyThreadScript.loadSkill:97] KEY C 
11/11/2017 14:18:50 980 INFO  - [KeyThreadScript.loadSkill:86] ============================================================= 
11/11/2017 14:18:50 981 INFO  - [KeyThreadScript.loadSkill:97] #F 
11/11/2017 14:18:50 981 INFO  - [KeyThreadScript.loadSkill:97] #KEY=F 
11/11/2017 14:18:50 981 INFO  - [KeyThreadScript.loadSkill:97] #SUB 
11/11/2017 14:18:50 981 INFO  - [KeyThreadScript.loadSkill:97] KEY F 
11/11/2017 14:18:50 981 INFO  - [KeyThreadScript.loadSkill:86] ============================================================= 
11/11/2017 14:18:50 982 INFO  - [KeyThreadScript.loadSkill:97] ﻿#大马蜂 
11/11/2017 14:18:50 982 INFO  - [KeyThreadScript.loadSkill:97] #KEY=F1 
11/11/2017 14:18:50 982 INFO  - [KeyThreadScript.loadSkill:97] #CONTINUE 
11/11/2017 14:18:50 982 INFO  - [KeyThreadScript.loadSkill:97] KEY G 4000 REAL 
11/11/2017 14:18:50 983 INFO  - [KeyThreadScript.loadSkill:86] ============================================================= 
11/11/2017 14:18:50 983 INFO  - [KeyThreadScript.loadSkill:97] ﻿#双击倒 
11/11/2017 14:18:50 983 INFO  - [KeyThreadScript.loadSkill:97] #KEY=F2 
11/11/2017 14:18:50 983 INFO  - [KeyThreadScript.loadSkill:97] KEY V 800 
11/11/2017 14:18:50 983 INFO  - [KeyThreadScript.loadSkill:97] KEY V 
11/11/2017 14:18:50 984 INFO  - [KeyThreadScript.loadSkill:86] ============================================================= 
11/11/2017 14:18:50 984 INFO  - [KeyThreadScript.loadSkill:97] ﻿#群体蒲公英 
11/11/2017 14:18:50 984 INFO  - [KeyThreadScript.loadSkill:97] #KEY=DELETE 
11/11/2017 14:18:50 984 INFO  - [KeyThreadScript.loadSkill:97] KEY_SLEEP[50] 4 
11/11/2017 14:18:50 984 INFO  - [KeyThreadScript.loadSkill:97] KEY_SLEEP[50] 4 
11/11/2017 14:18:50 984 INFO  - [KeyThreadScript.loadSkill:97] KEY_SLEEP[150] 4 
11/11/2017 14:18:50 985 INFO  - [KeyThreadScript.loadSkill:97] KEY_SLEEP[150] 4 
11/11/2017 14:18:50 985 INFO  - [KeyThreadScript.loadSkill:97] KEY_SLEEP[300] 4 
11/11/2017 14:18:50 985 INFO  - [KeyThreadScript.loadSkill:86] ============================================================= 
11/11/2017 14:18:50 985 INFO  - [KeyThreadScript.loadSkill:97] ﻿#Q猫 
11/11/2017 14:18:50 986 INFO  - [KeyThreadScript.loadSkill:97] #KEY=PAGE_UP 
11/11/2017 14:18:50 986 INFO  - [KeyThreadScript.loadSkill:97] #SUB 
11/11/2017 14:18:50 986 INFO  - [KeyThreadScript.loadSkill:97] #CONTINUE 
11/11/2017 14:18:50 986 INFO  - [KeyThreadScript.loadSkill:97] KEY_SLEEP[50] Q 
11/11/2017 14:18:50 986 INFO  - [KeyThreadScript.loadSkill:97] KEY_SLEEP[50] Q 
11/11/2017 14:18:50 986 INFO  - [KeyThreadScript.loadSkill:97] KEY_SLEEP[150] Q 
11/11/2017 14:18:50 987 INFO  - [KeyThreadScript.loadSkill:97] KEY_SLEEP[150] Q 
11/11/2017 14:18:50 987 INFO  - [KeyThreadScript.loadSkill:86] ============================================================= 
11/11/2017 14:18:50 987 INFO  - [KeyThreadScript.loadSkill:97] ﻿#Q猫 
11/11/2017 14:18:50 987 INFO  - [KeyThreadScript.loadSkill:97] #KEY=R 
11/11/2017 14:18:50 987 INFO  - [KeyThreadScript.loadSkill:97] KEY_SLEEP[50] Q 
11/11/2017 14:18:50 988 INFO  - [KeyThreadScript.loadSkill:97] KEY_SLEEP[50] Q 
11/11/2017 14:18:50 988 INFO  - [KeyThreadScript.loadSkill:97] KEY_SLEEP[150] Q 
11/11/2017 14:18:50 988 INFO  - [KeyThreadScript.loadSkill:97] KEY_SLEEP[150] Q 
11/11/2017 14:18:50 988 INFO  - [KeyThreadScript.loadSkill:97] KEY_SLEEP[150] Q 
11/11/2017 14:18:50 989 INFO  - [KeyThreadScript.loadSkill:86] ============================================================= 
11/11/2017 14:18:50 989 INFO  - [KeyThreadScript.loadSkill:97] #TAB 
11/11/2017 14:18:50 989 INFO  - [KeyThreadScript.loadSkill:97] #KEY=TAB 
11/11/2017 14:18:50 989 INFO  - [KeyThreadScript.loadSkill:97] #SUB 
11/11/2017 14:18:50 989 INFO  - [KeyThreadScript.loadSkill:97] #CONTINUE 
11/11/2017 14:18:50 989 INFO  - [KeyThreadScript.loadSkill:97] { 
11/11/2017 14:18:50 989 INFO  - [KeyThreadScript.loadSkill:97] KEY TAB 150 
11/11/2017 14:18:50 990 INFO  - [KeyThreadScript.loadSkill:97] }5 
11/11/2017 14:18:50 990 INFO  - [KeyThreadScript.loadSkill:86] ============================================================= 
11/11/2017 14:18:50 990 INFO  - [KeyThreadScript.loadSkill:97] ﻿#下段斩 
11/11/2017 14:18:50 990 INFO  - [KeyThreadScript.loadSkill:97] #KEY=V 
11/11/2017 14:18:50 990 INFO  - [KeyThreadScript.loadSkill:97] #SUB 
11/11/2017 14:18:50 991 INFO  - [KeyThreadScript.loadSkill:97] KEY V 
11/11/2017 14:18:50 991 INFO  - [KeyThreadScript.loadSkill:86] ============================================================= 
11/11/2017 14:18:50 991 INFO  - [KeyThreadScript.loadSkill:97] ﻿#友情 
11/11/2017 14:18:50 991 INFO  - [KeyThreadScript.loadSkill:97] #KEY=X 
11/11/2017 14:18:50 991 INFO  - [KeyThreadScript.loadSkill:97] #CONTINUE 
11/11/2017 14:18:50 992 INFO  - [KeyThreadScript.loadSkill:97] #SUB 
11/11/2017 14:18:50 992 INFO  - [KeyThreadScript.loadSkill:97] KEY_SLEEP[50] X 
11/11/2017 14:18:50 992 INFO  - [KeyThreadScript.loadSkill:97] KEY_SLEEP[50] X 
11/11/2017 14:18:50 992 INFO  - [KeyThreadScript.loadSkill:97] KEY_SLEEP[150] X 
11/11/2017 14:18:50 992 INFO  - [KeyThreadScript.loadSkill:97] KEY_SLEEP[150] X 
11/11/2017 14:18:50 993 INFO  - [KeyThreadScript.loadSkill:86] ============================================================= 
11/11/2017 14:18:50 993 INFO  - [KeyThreadScript.loadSkill:97] #鼓励 
11/11/2017 14:18:50 993 INFO  - [KeyThreadScript.loadSkill:97] #KEY=Z 
11/11/2017 14:18:50 993 INFO  - [KeyThreadScript.loadSkill:97] #SUB 
11/11/2017 14:18:50 993 INFO  - [KeyThreadScript.loadSkill:97] #CONTINUE 
11/11/2017 14:18:50 993 INFO  - [KeyThreadScript.loadSkill:97] KEY_SLEEP[50] Z 
11/11/2017 14:18:50 993 INFO  - [KeyThreadScript.loadSkill:97] KEY_SLEEP[50] Z 
11/11/2017 14:18:50 994 INFO  - [KeyThreadScript.loadSkill:97] KEY_SLEEP[150] Z 
11/11/2017 14:18:50 994 INFO  - [KeyThreadScript.loadSkill:97] KEY_SLEEP[150] Z 
11/11/2017 14:18:50 994 INFO  - [KeyThreadScript.loadSkill:86] ============================================================= 
11/11/2017 14:18:50 994 INFO  - [KeyThreadScript.loadSkill:97] #KEY=CTRL+F12 
11/11/2017 14:18:50 994 INFO  - [KeyThreadScript.loadSkill:97] #LOOP 
11/11/2017 14:18:50 994 INFO  - [KeyThreadScript.loadSkill:97] #NOAGENT 
11/11/2017 14:18:50 995 INFO  - [KeyThreadScript.loadSkill:97] MOUSE_RIGHT 
11/11/2017 14:18:50 995 INFO  - [KeyThreadScript.loadSkill:97] PAUSE 500 
11/11/2017 14:18:50 995 INFO  - [KeyThreadScript.loadSkill:97] MOVE 840 259 
11/11/2017 14:18:50 995 INFO  - [KeyThreadScript.loadSkill:97] PAUSE 1000 
11/11/2017 14:18:50 995 INFO  - [KeyThreadScript.loadSkill:97] MOUSE_LEFT 
11/11/2017 14:18:50 995 INFO  - [KeyThreadScript.loadSkill:97] PAUSE 500 
11/11/2017 14:18:50 995 INFO  - [KeyThreadScript.loadSkill:97] MOVE 884 439 
11/11/2017 14:18:50 996 INFO  - [KeyThreadScript.loadSkill:97] PAUSE 1000 
11/11/2017 14:18:52 431 DEBUG - [MouseListener.nativeMousePressed:80] NATIVE_MOUSE_PRESSED,(1184,863),button=1,modifiers=Button1,clickCount=1 
11/11/2017 14:18:53 746 DEBUG - [KeyListener.nativeKeyPressed:30] NATIVE_KEY_PRESSED,keyCode=42,keyText=Shift,keyChar=未定义,modifiers=Shift,keyLocation=KEY_LOCATION_LEFT,rawCode=160 
11/11/2017 14:18:53 747 DEBUG - [KeyListener.nativeKeyPressed:31] Modifiers=1  code=42 
11/11/2017 14:18:53 922 DEBUG - [KeyListener.nativeKeyPressed:30] NATIVE_KEY_PRESSED,keyCode=2,keyText=1,keyChar=未定义,modifiers=Shift,keyLocation=KEY_LOCATION_STANDARD,rawCode=49 
11/11/2017 14:18:53 923 DEBUG - [KeyListener.nativeKeyPressed:31] Modifiers=1  code=2 
11/11/2017 14:18:58 530 DEBUG - [KeyListener.nativeKeyPressed:30] NATIVE_KEY_PRESSED,keyCode=3655,keyText=Home,keyChar=未定义,keyLocation=KEY_LOCATION_NUMPAD,rawCode=36 
11/11/2017 14:18:58 531 DEBUG - [KeyListener.nativeKeyPressed:31] Modifiers=0  code=3655 
11/11/2017 14:18:58 534 DEBUG - [BnsHotkeyListener.onHotKey:111] >>>aIdentifier=0 
11/11/2017 14:18:59 242 DEBUG - [KeyListener.nativeKeyPressed:30] NATIVE_KEY_PRESSED,keyCode=42,keyText=Shift,keyChar=未定义,modifiers=Shift,keyLocation=KEY_LOCATION_LEFT,rawCode=160 
11/11/2017 14:18:59 243 DEBUG - [KeyListener.nativeKeyPressed:31] Modifiers=1  code=42 
11/11/2017 14:18:59 492 DEBUG - [KeyListener.nativeKeyPressed:30] NATIVE_KEY_PRESSED,keyCode=42,keyText=Shift,keyChar=未定义,modifiers=Shift,keyLocation=KEY_LOCATION_LEFT,rawCode=160 
11/11/2017 14:18:59 492 DEBUG - [KeyListener.nativeKeyPressed:31] Modifiers=1  code=42 
11/11/2017 14:18:59 506 DEBUG - [KeyListener.nativeKeyPressed:30] NATIVE_KEY_PRESSED,keyCode=3,keyText=2,keyChar=未定义,modifiers=Shift,keyLocation=KEY_LOCATION_STANDARD,rawCode=50 
11/11/2017 14:18:59 506 DEBUG - [KeyListener.nativeKeyPressed:31] Modifiers=1  code=3 
11/11/2017 14:19:01 534 DEBUG - [MouseListener.nativeMousePressed:80] NATIVE_MOUSE_PRESSED,(1562,645),button=1,modifiers=Button1,clickCount=2 
